{"total": {"lines":{"total":24,"covered":24,"skipped":0,"pct":100},"statements":{"total":24,"covered":24,"skipped":0,"pct":100},"functions":{"total":8,"covered":8,"skipped":0,"pct":100},"branches":{"total":32,"covered":29,"skipped":0,"pct":90.63}}
,"/mnt/c/Users/egstad/Documents/Development/_construct-npm-packages/detect-scroll/src/events.js": {"lines":{"total":17,"covered":17,"skipped":0,"pct":100},"functions":{"total":6,"covered":6,"skipped":0,"pct":100},"statements":{"total":17,"covered":17,"skipped":0,"pct":100},"branches":{"total":19,"covered":18,"skipped":0,"pct":94.74}}
,"/mnt/c/Users/egstad/Documents/Development/_construct-npm-packages/detect-scroll/src/getElement.js": {"lines":{"total":7,"covered":7,"skipped":0,"pct":100},"functions":{"total":2,"covered":2,"skipped":0,"pct":100},"statements":{"total":7,"covered":7,"skipped":0,"pct":100},"branches":{"total":13,"covered":11,"skipped":0,"pct":84.62}}
}
