TN:
SF:/Users/jordanegstad/Sites/@construct/detect-theme/index.js
FN:3,(anonymous_0)
FN:8,(anonymous_1)
FN:12,(anonymous_2)
FN:14,(anonymous_3)
FNF:4
FNH:4
FNDA:3,(anonymous_0)
FNDA:1,(anonymous_1)
FNDA:3,(anonymous_2)
FNDA:3,(anonymous_3)
DA:1,1
DA:3,1
DA:4,3
DA:5,3
DA:8,1
DA:9,1
DA:12,1
DA:13,3
DA:14,3
DA:17,3
DA:22,3
LF:11
LH:11
BRF:0
BRH:0
end_of_record
TN:
SF:/Users/jordanegstad/Sites/@construct/detect-theme/matchMedia.mock
FN:3,(anonymous_0)
FNF:1
FNH:1
FNDA:7,(anonymous_0)
DA:1,1
DA:3,7
LF:2
LH:2
BRF:0
BRH:0
end_of_record
