TN:
SF:src/events.js
FN:17,eventsSetup
FN:36,eventsInit
FN:38,(anonymous_2)
FN:45,eventsDestroy
FN:47,(anonymous_4)
FN:54,typeOf
FNF:6
FNH:6
FNDA:4,eventsSetup
FNDA:3,eventsInit
FNDA:2,(anonymous_2)
FNDA:1,eventsDestroy
FNDA:1,(anonymous_4)
FNDA:8,typeOf
DA:1,1
DA:2,1
DA:9,1
DA:19,4
DA:20,2
DA:23,2
DA:24,1
DA:28,1
DA:37,3
DA:38,2
DA:39,2
DA:40,2
DA:46,1
DA:47,1
DA:48,1
DA:49,1
DA:55,8
LF:17
LH:17
BRDA:19,0,0,2
BRDA:19,0,1,2
BRDA:19,1,0,4
BRDA:19,1,1,3
BRDA:23,2,0,1
BRDA:23,2,1,1
BRDA:23,3,0,2
BRDA:23,3,1,1
BRDA:30,4,0,1
BRDA:30,4,1,0
BRDA:31,5,0,0
BRDA:31,5,1,1
BRDA:37,6,0,2
BRDA:37,6,1,1
BRDA:46,7,0,1
BRDA:46,7,1,0
BRDA:56,8,0,8
BRDA:56,8,1,7
BRDA:56,8,2,5
BRF:19
BRH:16
end_of_record
TN:
SF:src/getElement.js
FN:1,getEl
FN:14,isElement
FNF:2
FNH:2
FNDA:7,getEl
FNDA:7,isElement
DA:2,7
DA:4,7
DA:5,6
DA:6,1
DA:7,1
DA:10,7
DA:15,7
LF:7
LH:7
BRDA:4,0,0,6
BRDA:4,0,1,1
BRDA:4,1,0,7
BRDA:4,1,1,5
BRDA:6,2,0,1
BRDA:6,2,1,0
BRDA:15,3,0,0
BRDA:15,3,1,7
BRDA:17,4,0,7
BRDA:17,4,1,7
BRDA:17,4,2,6
BRDA:17,4,3,6
BRDA:17,4,4,2
BRF:13
BRH:11
end_of_record
